#
# There is insufficient memory for the Java Runtime Environment to continue.
# Native memory allocation (malloc) failed to allocate 939616 bytes for Chunk::new
# Possible reasons:
#   The system is out of physical RAM or swap space
#   The process is running with CompressedOops enabled, and the Java Heap may be blocking the growth of the native heap
# Possible solutions:
#   Reduce memory load on the system
#   Increase physical memory or swap space
#   Check if swap backing store is full
#   Decrease Java heap size (-Xmx/-Xms)
#   Decrease number of Java threads
#   Decrease Java thread stack sizes (-Xss)
#   Set larger code cache with -XX:ReservedCodeCacheSize=
#   JVM is running with Unscaled Compressed Oops mode in which the Java heap is
#     placed in the first 4GB address space. The Java Heap base address is the
#     maximum limit for the native heap growth. Please use -XX:HeapBaseMinAddress
#     to set the Java Heap base and to place the Java Heap above 4GB virtual address.
# This output file may be truncated or incomplete.
#
#  Out of Memory Error (arena.cpp:189), pid=7788, tid=8056
#
# JRE version: OpenJDK Runtime Environment Temurin-17.0.1+12 (17.0.1+12) (build 17.0.1+12)
# Java VM: OpenJDK 64-Bit Server VM Temurin-17.0.1+12 (17.0.1+12, mixed mode, tiered, compressed oops, compressed class ptrs, g1 gc, windows-amd64)
# No core dump will be written. Minidumps are not enabled by default on client versions of Windows
#

---------------  S U M M A R Y ------------

Command Line: -ea -Dfile.encoding=UTF-8 -XX:+ShowCodeDetailsInExceptionMessages org.eclipse.jdt.internal.junit.runner.RemoteTestRunner -version 3 -port 51840 -testLoaderClass org.eclipse.jdt.internal.junit5.runner.JUnit5TestLoader -loaderpluginname org.eclipse.jdt.junit5.runtime -classNames com.generation.blogpessoal.controller.UsuarioControllerTest

Host: Intel(R) Core(TM) i5-7200U CPU @ 2.50GHz, 4 cores, 7G,  Windows 10 , 64 bit Build 19041 (10.0.19041.1503)
Time: Wed Mar  9 23:10:09 2022 Hora oficial do Brasil elapsed time: 3.228757 seconds (0d 0h 0m 3s)

---------------  T H R E A D  ---------------

Current thread (0x00000214f040e450):  JavaThread "C2 CompilerThread0" daemon [_thread_in_native, id=8056, stack(0x000000c1a4000000,0x000000c1a4100000)]


Current CompileTask:
C2:   3230 1503       4       jdk.internal.org.objectweb.asm.Frame::execute (2305 bytes)

Stack: [0x000000c1a4000000,0x000000c1a4100000]
Native frames: (J=compiled Java code, j=interpreted, Vv=VM code, C=native code)
V  [jvm.dll+0x6744da]
V  [jvm.dll+0x82e144]
V  [jvm.dll+0x82f8ee]
V  [jvm.dll+0x82ff53]
V  [jvm.dll+0x245175]
V  [jvm.dll+0xab85b]
V  [jvm.dll+0xabdec]
V  [jvm.dll+0x2abf6f]
V  [jvm.dll+0x57b849]
V  [jvm.dll+0x22022d]
V  [jvm.dll+0x22060f]
V  [jvm.dll+0x219e6a]
V  [jvm.dll+0x217345]
V  [jvm.dll+0x1a355d]
V  [jvm.dll+0x226e38]
V  [jvm.dll+0x224f7c]
V  [jvm.dll+0x7e3f5b]
V  [jvm.dll+0x7de51a]
V  [jvm.dll+0x673305]
C  [ucrtbase.dll+0x21bb2]
C  [KERNEL32.DLL+0x17034]
C  [ntdll.dll+0x52651]


---------------  P R O C E S S  ---------------

Threads class SMR info:
_java_thread_list=0x00000214f0a7e900, length=14, elements={
0x00000214d62055b0, 0x00000214ef88ccf0, 0x00000214ef8d9420, 0x00000214ef8f72b0,
0x00000214f040b090, 0x00000214f040b560, 0x00000214f040bf10, 0x00000214f040e450,
0x00000214f04651a0, 0x00000214ef8fdf10, 0x00000214f0593dd0, 0x00000214f05aef80,
0x00000214f08e78b0, 0x00000214f08e7d80
}

Java Threads: ( => current thread )
  0x00000214d62055b0 JavaThread "main" [_thread_in_vm, id=10976, stack(0x000000c1a3300000,0x000000c1a3400000)]
  0x00000214ef88ccf0 JavaThread "Reference Handler" daemon [_thread_blocked, id=14808, stack(0x000000c1a3a00000,0x000000c1a3b00000)]
  0x00000214ef8d9420 JavaThread "Finalizer" daemon [_thread_blocked, id=14320, stack(0x000000c1a3b00000,0x000000c1a3c00000)]
  0x00000214ef8f72b0 JavaThread "Signal Dispatcher" daemon [_thread_blocked, id=8384, stack(0x000000c1a3c00000,0x000000c1a3d00000)]
  0x00000214f040b090 JavaThread "Attach Listener" daemon [_thread_blocked, id=1928, stack(0x000000c1a3d00000,0x000000c1a3e00000)]
  0x00000214f040b560 JavaThread "Service Thread" daemon [_thread_blocked, id=13740, stack(0x000000c1a3e00000,0x000000c1a3f00000)]
  0x00000214f040bf10 JavaThread "Monitor Deflation Thread" daemon [_thread_blocked, id=8132, stack(0x000000c1a3f00000,0x000000c1a4000000)]
=>0x00000214f040e450 JavaThread "C2 CompilerThread0" daemon [_thread_in_native, id=8056, stack(0x000000c1a4000000,0x000000c1a4100000)]
  0x00000214f04651a0 JavaThread "C1 CompilerThread0" daemon [_thread_blocked, id=3852, stack(0x000000c1a4100000,0x000000c1a4200000)]
  0x00000214ef8fdf10 JavaThread "Sweeper thread" daemon [_thread_blocked, id=4580, stack(0x000000c1a4200000,0x000000c1a4300000)]
  0x00000214f0593dd0 JavaThread "Notification Thread" daemon [_thread_blocked, id=10540, stack(0x000000c1a4300000,0x000000c1a4400000)]
  0x00000214f05aef80 JavaThread "Common-Cleaner" daemon [_thread_blocked, id=15248, stack(0x000000c1a4500000,0x000000c1a4600000)]
  0x00000214f08e78b0 JavaThread "ReaderThread" [_thread_in_native, id=5396, stack(0x000000c1a4600000,0x000000c1a4700000)]
  0x00000214f08e7d80 JavaThread "C2 CompilerThread1" daemon [_thread_in_native, id=14936, stack(0x000000c1a4700000,0x000000c1a4800000)]

Other Threads:
  0x00000214ef84be70 VMThread "VM Thread" [stack: 0x000000c1a3900000,0x000000c1a3a00000] [id=4560]
  0x00000214f05962b0 WatcherThread [stack: 0x000000c1a4400000,0x000000c1a4500000] [id=3320]
  0x00000214d62442e0 GCTaskThread "GC Thread#0" [stack: 0x000000c1a3400000,0x000000c1a3500000] [id=14432]
  0x00000214f05a95a0 GCTaskThread "GC Thread#1" [stack: 0x000000c1a4800000,0x000000c1a4900000] [id=15160]
  0x00000214f05a9850 GCTaskThread "GC Thread#2" [stack: 0x000000c1a4900000,0x000000c1a4a00000] [id=12944]
  0x00000214f05a9b00 GCTaskThread "GC Thread#3" [stack: 0x000000c1a4a00000,0x000000c1a4b00000] [id=5348]
  0x00000214d6254ea0 ConcurrentGCThread "G1 Main Marker" [stack: 0x000000c1a3500000,0x000000c1a3600000] [id=7952]
  0x00000214d62568c0 ConcurrentGCThread "G1 Conc#0" [stack: 0x000000c1a3600000,0x000000c1a3700000] [id=7188]
  0x00000214d62cc310 ConcurrentGCThread "G1 Refine#0" [stack: 0x000000c1a3700000,0x000000c1a3800000] [id=9144]
  0x00000214d62ce6f0 ConcurrentGCThread "G1 Service" [stack: 0x000000c1a3800000,0x000000c1a3900000] [id=13208]

Threads with active compile tasks:
C2 CompilerThread0     3333 1503       4       jdk.internal.org.objectweb.asm.Frame::execute (2305 bytes)
C2 CompilerThread1     3334 1591       4       jdk.internal.loader.URLClassPath::getResource (74 bytes)

VM state: not at safepoint (normal execution)

VM Mutex/Monitor currently owned by a thread:  ([mutex/lock_event])
[0x00000214d61fd290] Metaspace_lock - owner thread: 0x00000214d62055b0

Heap address: 0x0000000081c00000, size: 2020 MB, Compressed Oops mode: 32-bit

CDS archive(s) not mapped
Compressed class space mapped at: 0x0000000100000000-0x0000000140000000, reserved size: 1073741824
Narrow klass base: 0x0000000000000000, Narrow klass shift: 3, Narrow klass range: 0x140000000

GC Precious Log:
 CPUs: 4 total, 4 available
 Memory: 8073M
 Large Page Support: Disabled
 NUMA Support: Disabled
 Compressed Oops: Enabled (32-bit)
 Heap Region Size: 1M
 Heap Min Capacity: 8M
 Heap Initial Capacity: 128M
 Heap Max Capacity: 2020M
 Pre-touch: Disabled
 Parallel Workers: 4
 Concurrent Workers: 1
 Concurrent Refinement Workers: 4
 Periodic GC: Disabled

Heap:
 garbage-first heap   total 131072K, used 19595K [0x0000000081c00000, 0x0000000100000000)
  region size 1024K, 14 young (14336K), 1 survivors (1024K)
 Metaspace       used 16337K, committed 16512K, reserved 1064960K
  class space    used 1729K, committed 1856K, reserved 1048576K

Heap Regions: E=young(eden), S=young(survivor), O=old, HS=humongous(starts), HC=humongous(continues), CS=collection set, F=free, OA=open archive, CA=closed archive, TAMS=top-at-mark-start (previous, next)
|   0|0x0000000081c00000, 0x0000000081d00000, 0x0000000081d00000|100%|HS|  |TAMS 0x0000000081c00000, 0x0000000081c00000| Complete 
|   1|0x0000000081d00000, 0x0000000081e00000, 0x0000000081e00000|100%| O|  |TAMS 0x0000000081d00000, 0x0000000081d00000| Untracked 
|   2|0x0000000081e00000, 0x0000000081f00000, 0x0000000081f00000|100%| O|  |TAMS 0x0000000081e00000, 0x0000000081e00000| Untracked 
|   3|0x0000000081f00000, 0x0000000082000000, 0x0000000082000000|100%| O|  |TAMS 0x0000000081f00000, 0x0000000081f00000| Untracked 
|   4|0x0000000082000000, 0x0000000082100000, 0x0000000082100000|100%| O|  |TAMS 0x0000000082000000, 0x0000000082000000| Untracked 
|   5|0x0000000082100000, 0x0000000082200000, 0x0000000082200000|100%| O|  |TAMS 0x0000000082100000, 0x0000000082100000| Untracked 
|   6|0x0000000082200000, 0x0000000082238600, 0x0000000082300000| 22%| O|  |TAMS 0x0000000082200000, 0x0000000082200000| Untracked 
|   7|0x0000000082300000, 0x0000000082300000, 0x0000000082400000|  0%| F|  |TAMS 0x0000000082300000, 0x0000000082300000| Untracked 
|   8|0x0000000082400000, 0x0000000082400000, 0x0000000082500000|  0%| F|  |TAMS 0x0000000082400000, 0x0000000082400000| Untracked 
|   9|0x0000000082500000, 0x0000000082500000, 0x0000000082600000|  0%| F|  |TAMS 0x0000000082500000, 0x0000000082500000| Untracked 
|  10|0x0000000082600000, 0x0000000082600000, 0x0000000082700000|  0%| F|  |TAMS 0x0000000082600000, 0x0000000082600000| Untracked 
|  11|0x0000000082700000, 0x0000000082700000, 0x0000000082800000|  0%| F|  |TAMS 0x0000000082700000, 0x0000000082700000| Untracked 
|  12|0x0000000082800000, 0x0000000082800000, 0x0000000082900000|  0%| F|  |TAMS 0x0000000082800000, 0x0000000082800000| Untracked 
|  13|0x0000000082900000, 0x0000000082900000, 0x0000000082a00000|  0%| F|  |TAMS 0x0000000082900000, 0x0000000082900000| Untracked 
|  14|0x0000000082a00000, 0x0000000082a00000, 0x0000000082b00000|  0%| F|  |TAMS 0x0000000082a00000, 0x0000000082a00000| Untracked 
|  15|0x0000000082b00000, 0x0000000082b00000, 0x0000000082c00000|  0%| F|  |TAMS 0x0000000082b00000, 0x0000000082b00000| Untracked 
|  16|0x0000000082c00000, 0x0000000082c00000, 0x0000000082d00000|  0%| F|  |TAMS 0x0000000082c00000, 0x0000000082c00000| Untracked 
|  17|0x0000000082d00000, 0x0000000082d00000, 0x0000000082e00000|  0%| F|  |TAMS 0x0000000082d00000, 0x0000000082d00000| Untracked 
|  18|0x0000000082e00000, 0x0000000082e00000, 0x0000000082f00000|  0%| F|  |TAMS 0x0000000082e00000, 0x0000000082e00000| Untracked 
|  19|0x0000000082f00000, 0x0000000082f00000, 0x0000000083000000|  0%| F|  |TAMS 0x0000000082f00000, 0x0000000082f00000| Untracked 
|  20|0x0000000083000000, 0x0000000083000000, 0x0000000083100000|  0%| F|  |TAMS 0x0000000083000000, 0x0000000083000000| Untracked 
|  21|0x0000000083100000, 0x0000000083100000, 0x0000000083200000|  0%| F|  |TAMS 0x0000000083100000, 0x0000000083100000| Untracked 
|  22|0x0000000083200000, 0x0000000083200000, 0x0000000083300000|  0%| F|  |TAMS 0x0000000083200000, 0x0000000083200000| Untracked 
|  23|0x0000000083300000, 0x0000000083300000, 0x0000000083400000|  0%| F|  |TAMS 0x0000000083300000, 0x0000000083300000| Untracked 
|  24|0x0000000083400000, 0x0000000083400000, 0x0000000083500000|  0%| F|  |TAMS 0x0000000083400000, 0x0000000083400000| Untracked 
|  25|0x0000000083500000, 0x0000000083500000, 0x0000000083600000|  0%| F|  |TAMS 0x0000000083500000, 0x0000000083500000| Untracked 
|  26|0x0000000083600000, 0x0000000083600000, 0x0000000083700000|  0%| F|  |TAMS 0x0000000083600000, 0x0000000083600000| Untracked 
|  27|0x0000000083700000, 0x0000000083700000, 0x0000000083800000|  0%| F|  |TAMS 0x0000000083700000, 0x0000000083700000| Untracked 
|  28|0x0000000083800000, 0x0000000083800000, 0x0000000083900000|  0%| F|  |TAMS 0x0000000083800000, 0x0000000083800000| Untracked 
|  29|0x0000000083900000, 0x0000000083900000, 0x0000000083a00000|  0%| F|  |TAMS 0x0000000083900000, 0x0000000083900000| Untracked 
|  30|0x0000000083a00000, 0x0000000083a00000, 0x0000000083b00000|  0%| F|  |TAMS 0x0000000083a00000, 0x0000000083a00000| Untracked 
|  31|0x0000000083b00000, 0x0000000083b00000, 0x0000000083c00000|  0%| F|  |TAMS 0x0000000083b00000, 0x0000000083b00000| Untracked 
|  32|0x0000000083c00000, 0x0000000083c00000, 0x0000000083d00000|  0%| F|  |TAMS 0x0000000083c00000, 0x0000000083c00000| Untracked 
|  33|0x0000000083d00000, 0x0000000083d00000, 0x0000000083e00000|  0%| F|  |TAMS 0x0000000083d00000, 0x0000000083d00000| Untracked 
|  34|0x0000000083e00000, 0x0000000083e00000, 0x0000000083f00000|  0%| F|  |TAMS 0x0000000083e00000, 0x0000000083e00000| Untracked 
|  35|0x0000000083f00000, 0x0000000083f00000, 0x0000000084000000|  0%| F|  |TAMS 0x0000000083f00000, 0x0000000083f00000| Untracked 
|  36|0x0000000084000000, 0x0000000084000000, 0x0000000084100000|  0%| F|  |TAMS 0x0000000084000000, 0x0000000084000000| Untracked 
|  37|0x0000000084100000, 0x0000000084100000, 0x0000000084200000|  0%| F|  |TAMS 0x0000000084100000, 0x0000000084100000| Untracked 
|  38|0x0000000084200000, 0x0000000084200000, 0x0000000084300000|  0%| F|  |TAMS 0x0000000084200000, 0x0000000084200000| Untracked 
|  39|0x0000000084300000, 0x0000000084300000, 0x0000000084400000|  0%| F|  |TAMS 0x0000000084300000, 0x0000000084300000| Untracked 
|  40|0x0000000084400000, 0x0000000084400000, 0x0000000084500000|  0%| F|  |TAMS 0x0000000084400000, 0x0000000084400000| Untracked 
|  41|0x0000000084500000, 0x0000000084500000, 0x0000000084600000|  0%| F|  |TAMS 0x0000000084500000, 0x0000000084500000| Untracked 
|  42|0x0000000084600000, 0x0000000084600000, 0x0000000084700000|  0%| F|  |TAMS 0x0000000084600000, 0x0000000084600000| Untracked 
|  43|0x0000000084700000, 0x0000000084700000, 0x0000000084800000|  0%| F|  |TAMS 0x0000000084700000, 0x0000000084700000| Untracked 
|  44|0x0000000084800000, 0x0000000084800000, 0x0000000084900000|  0%| F|  |TAMS 0x0000000084800000, 0x0000000084800000| Untracked 
|  45|0x0000000084900000, 0x0000000084900000, 0x0000000084a00000|  0%| F|  |TAMS 0x0000000084900000, 0x0000000084900000| Untracked 
|  46|0x0000000084a00000, 0x0000000084a00000, 0x0000000084b00000|  0%| F|  |TAMS 0x0000000084a00000, 0x0000000084a00000| Untracked 
|  47|0x0000000084b00000, 0x0000000084b00000, 0x0000000084c00000|  0%| F|  |TAMS 0x0000000084b00000, 0x0000000084b00000| Untracked 
|  48|0x0000000084c00000, 0x0000000084c00000, 0x0000000084d00000|  0%| F|  |TAMS 0x0000000084c00000, 0x0000000084c00000| Untracked 
|  49|0x0000000084d00000, 0x0000000084d00000, 0x0000000084e00000|  0%| F|  |TAMS 0x0000000084d00000, 0x0000000084d00000| Untracked 
|  50|0x0000000084e00000, 0x0000000084e00000, 0x0000000084f00000|  0%| F|  |TAMS 0x0000000084e00000, 0x0000000084e00000| Untracked 
|  51|0x0000000084f00000, 0x0000000084f00000, 0x0000000085000000|  0%| F|  |TAMS 0x0000000084f00000, 0x0000000084f00000| Untracked 
|  52|0x0000000085000000, 0x0000000085000000, 0x0000000085100000|  0%| F|  |TAMS 0x0000000085000000, 0x0000000085000000| Untracked 
|  53|0x0000000085100000, 0x0000000085100000, 0x0000000085200000|  0%| F|  |TAMS 0x0000000085100000, 0x0000000085100000| Untracked 
|  54|0x0000000085200000, 0x0000000085200000, 0x0000000085300000|  0%| F|  |TAMS 0x0000000085200000, 0x0000000085200000| Untracked 
|  55|0x0000000085300000, 0x0000000085300000, 0x0000000085400000|  0%| F|  |TAMS 0x0000000085300000, 0x0000000085300000| Untracked 
|  56|0x0000000085400000, 0x0000000085400000, 0x0000000085500000|  0%| F|  |TAMS 0x0000000085400000, 0x0000000085400000| Untracked 
|  57|0x0000000085500000, 0x0000000085500000, 0x0000000085600000|  0%| F|  |TAMS 0x0000000085500000, 0x0000000085500000| Untracked 
|  58|0x0000000085600000, 0x0000000085600000, 0x0000000085700000|  0%| F|  |TAMS 0x0000000085600000, 0x0000000085600000| Untracked 
|  59|0x0000000085700000, 0x0000000085700000, 0x0000000085800000|  0%| F|  |TAMS 0x0000000085700000, 0x0000000085700000| Untracked 
|  60|0x0000000085800000, 0x0000000085800000, 0x0000000085900000|  0%| F|  |TAMS 0x0000000085800000, 0x0000000085800000| Untracked 
|  61|0x0000000085900000, 0x0000000085900000, 0x0000000085a00000|  0%| F|  |TAMS 0x0000000085900000, 0x0000000085900000| Untracked 
|  62|0x0000000085a00000, 0x0000000085a00000, 0x0000000085b00000|  0%| F|  |TAMS 0x0000000085a00000, 0x0000000085a00000| Untracked 
|  63|0x0000000085b00000, 0x0000000085b00000, 0x0000000085c00000|  0%| F|  |TAMS 0x0000000085b00000, 0x0000000085b00000| Untracked 
|  64|0x0000000085c00000, 0x0000000085c00000, 0x0000000085d00000|  0%| F|  |TAMS 0x0000000085c00000, 0x0000000085c00000| Untracked 
|  65|0x0000000085d00000, 0x0000000085d00000, 0x0000000085e00000|  0%| F|  |TAMS 0x0000000085d00000, 0x0000000085d00000| Untracked 
|  66|0x0000000085e00000, 0x0000000085e00000, 0x0000000085f00000|  0%| F|  |TAMS 0x0000000085e00000, 0x0000000085e00000| Untracked 
|  67|0x0000000085f00000, 0x0000000085f00000, 0x0000000086000000|  0%| F|  |TAMS 0x0000000085f00000, 0x0000000085f00000| Untracked 
|  68|0x0000000086000000, 0x0000000086000000, 0x0000000086100000|  0%| F|  |TAMS 0x0000000086000000, 0x0000000086000000| Untracked 
|  69|0x0000000086100000, 0x0000000086100000, 0x0000000086200000|  0%| F|  |TAMS 0x0000000086100000, 0x0000000086100000| Untracked 
|  70|0x0000000086200000, 0x0000000086200000, 0x0000000086300000|  0%| F|  |TAMS 0x0000000086200000, 0x0000000086200000| Untracked 
|  71|0x0000000086300000, 0x0000000086300000, 0x0000000086400000|  0%| F|  |TAMS 0x0000000086300000, 0x0000000086300000| Untracked 
|  72|0x0000000086400000, 0x0000000086400000, 0x0000000086500000|  0%| F|  |TAMS 0x0000000086400000, 0x0000000086400000| Untracked 
|  73|0x0000000086500000, 0x0000000086500000, 0x0000000086600000|  0%| F|  |TAMS 0x0000000086500000, 0x0000000086500000| Untracked 
|  74|0x0000000086600000, 0x0000000086600000, 0x0000000086700000|  0%| F|  |TAMS 0x0000000086600000, 0x0000000086600000| Untracked 
|  75|0x0000000086700000, 0x0000000086700000, 0x0000000086800000|  0%| F|  |TAMS 0x0000000086700000, 0x0000000086700000| Untracked 
|  76|0x0000000086800000, 0x0000000086800000, 0x0000000086900000|  0%| F|  |TAMS 0x0000000086800000, 0x0000000086800000| Untracked 
|  77|0x0000000086900000, 0x0000000086900000, 0x0000000086a00000|  0%| F|  |TAMS 0x0000000086900000, 0x0000000086900000| Untracked 
|  78|0x0000000086a00000, 0x0000000086a00000, 0x0000000086b00000|  0%| F|  |TAMS 0x0000000086a00000, 0x0000000086a00000| Untracked 
|  79|0x0000000086b00000, 0x0000000086b00000, 0x0000000086c00000|  0%| F|  |TAMS 0x0000000086b00000, 0x0000000086b00000| Untracked 
|  80|0x0000000086c00000, 0x0000000086c00000, 0x0000000086d00000|  0%| F|  |TAMS 0x0000000086c00000, 0x0000000086c00000| Untracked 
|  81|0x0000000086d00000, 0x0000000086d00000, 0x0000000086e00000|  0%| F|  |TAMS 0x0000000086d00000, 0x0000000086d00000| Untracked 
|  82|0x0000000086e00000, 0x0000000086e00000, 0x0000000086f00000|  0%| F|  |TAMS 0x0000000086e00000, 0x0000000086e00000| Untracked 
|  83|0x0000000086f00000, 0x0000000086f00000, 0x0000000087000000|  0%| F|  |TAMS 0x0000000086f00000, 0x0000000086f00000| Untracked 
|  84|0x0000000087000000, 0x0000000087000000, 0x0000000087100000|  0%| F|  |TAMS 0x0000000087000000, 0x0000000087000000| Untracked 
|  85|0x0000000087100000, 0x0000000087100000, 0x0000000087200000|  0%| F|  |TAMS 0x0000000087100000, 0x0000000087100000| Untracked 
|  86|0x0000000087200000, 0x0000000087200000, 0x0000000087300000|  0%| F|  |TAMS 0x0000000087200000, 0x0000000087200000| Untracked 
|  87|0x0000000087300000, 0x0000000087300000, 0x0000000087400000|  0%| F|  |TAMS 0x0000000087300000, 0x0000000087300000| Untracked 
|  88|0x0000000087400000, 0x0000000087400000, 0x0000000087500000|  0%| F|  |TAMS 0x0000000087400000, 0x0000000087400000| Untracked 
|  89|0x0000000087500000, 0x0000000087500000, 0x0000000087600000|  0%| F|  |TAMS 0x0000000087500000, 0x0000000087500000| Untracked 
|  90|0x0000000087600000, 0x0000000087600000, 0x0000000087700000|  0%| F|  |TAMS 0x0000000087600000, 0x0000000087600000| Untracked 
|  91|0x0000000087700000, 0x0000000087700000, 0x0000000087800000|  0%| F|  |TAMS 0x0000000087700000, 0x0000000087700000| Untracked 
|  92|0x0000000087800000, 0x0000000087800000, 0x0000000087900000|  0%| F|  |TAMS 0x0000000087800000, 0x0000000087800000| Untracked 
|  93|0x0000000087900000, 0x0000000087900000, 0x0000000087a00000|  0%| F|  |TAMS 0x0000000087900000, 0x0000000087900000| Untracked 
|  94|0x0000000087a00000, 0x0000000087a00000, 0x0000000087b00000|  0%| F|  |TAMS 0x0000000087a00000, 0x0000000087a00000| Untracked 
|  95|0x0000000087b00000, 0x0000000087b00000, 0x0000000087c00000|  0%| F|  |TAMS 0x0000000087b00000, 0x0000000087b00000| Untracked 
|  96|0x0000000087c00000, 0x0000000087c00000, 0x0000000087d00000|  0%| F|  |TAMS 0x0000000087c00000, 0x0000000087c00000| Untracked 
|  97|0x0000000087d00000, 0x0000000087d00000, 0x0000000087e00000|  0%| F|  |TAMS 0x0000000087d00000, 0x0000000087d00000| Untracked 
|  98|0x0000000087e00000, 0x0000000087e00000, 0x0000000087f00000|  0%| F|  |TAMS 0x0000000087e00000, 0x0000000087e00000| Untracked 
|  99|0x0000000087f00000, 0x0000000087f00000, 0x0000000088000000|  0%| F|  |TAMS 0x0000000087f00000, 0x0000000087f00000| Untracked 
| 100|0x0000000088000000, 0x0000000088000000, 0x0000000088100000|  0%| F|  |TAMS 0x0000000088000000, 0x0000000088000000| Untracked 
| 101|0x0000000088100000, 0x0000000088100000, 0x0000000088200000|  0%| F|  |TAMS 0x0000000088100000, 0x0000000088100000| Untracked 
| 102|0x0000000088200000, 0x0000000088200000, 0x0000000088300000|  0%| F|  |TAMS 0x0000000088200000, 0x0000000088200000| Untracked 
| 103|0x0000000088300000, 0x0000000088300000, 0x0000000088400000|  0%| F|  |TAMS 0x0000000088300000, 0x0000000088300000| Untracked 
| 104|0x0000000088400000, 0x0000000088400000, 0x0000000088500000|  0%| F|  |TAMS 0x0000000088400000, 0x0000000088400000| Untracked 
| 105|0x0000000088500000, 0x0000000088500000, 0x0000000088600000|  0%| F|  |TAMS 0x0000000088500000, 0x0000000088500000| Untracked 
| 106|0x0000000088600000, 0x0000000088600000, 0x0000000088700000|  0%| F|  |TAMS 0x0000000088600000, 0x0000000088600000| Untracked 
| 107|0x0000000088700000, 0x0000000088700000, 0x0000000088800000|  0%| F|  |TAMS 0x0000000088700000, 0x0000000088700000| Untracked 
| 108|0x0000000088800000, 0x0000000088800000, 0x0000000088900000|  0%| F|  |TAMS 0x0000000088800000, 0x0000000088800000| Untracked 
| 109|0x0000000088900000, 0x0000000088900000, 0x0000000088a00000|  0%| F|  |TAMS 0x0000000088900000, 0x0000000088900000| Untracked 
| 110|0x0000000088a00000, 0x0000000088a00000, 0x0000000088b00000|  0%| F|  |TAMS 0x0000000088a00000, 0x0000000088a00000| Untracked 
| 111|0x0000000088b00000, 0x0000000088b00000, 0x0000000088c00000|  0%| F|  |TAMS 0x0000000088b00000, 0x0000000088b00000| Untracked 
| 112|0x0000000088c00000, 0x0000000088c00000, 0x0000000088d00000|  0%| F|  |TAMS 0x0000000088c00000, 0x0000000088c00000| Untracked 
| 113|0x0000000088d00000, 0x0000000088d00000, 0x0000000088e00000|  0%| F|  |TAMS 0x0000000088d00000, 0x0000000088d00000| Untracked 
| 114|0x0000000088e00000, 0x0000000088eed6f0, 0x0000000088f00000| 92%| E|  |TAMS 0x0000000088e00000, 0x0000000088e00000| Complete 
| 115|0x0000000088f00000, 0x0000000088fea918, 0x0000000089000000| 91%| S|CS|TAMS 0x0000000088f00000, 0x0000000088f00000| Complete 
| 116|0x0000000089000000, 0x0000000089100000, 0x0000000089100000|100%| E|CS|TAMS 0x0000000089000000, 0x0000000089000000| Complete 
| 117|0x0000000089100000, 0x0000000089200000, 0x0000000089200000|100%| E|CS|TAMS 0x0000000089100000, 0x0000000089100000| Complete 
| 118|0x0000000089200000, 0x0000000089300000, 0x0000000089300000|100%| E|CS|TAMS 0x0000000089200000, 0x0000000089200000| Complete 
| 119|0x0000000089300000, 0x0000000089400000, 0x0000000089400000|100%| E|CS|TAMS 0x0000000089300000, 0x0000000089300000| Complete 
| 120|0x0000000089400000, 0x0000000089500000, 0x0000000089500000|100%| E|CS|TAMS 0x0000000089400000, 0x0000000089400000| Complete 
| 121|0x0000000089500000, 0x0000000089600000, 0x0000000089600000|100%| E|CS|TAMS 0x0000000089500000, 0x0000000089500000| Complete 
| 122|0x0000000089600000, 0x0000000089700000, 0x0000000089700000|100%| E|CS|TAMS 0x0000000089600000, 0x0000000089600000| Complete 
| 123|0x0000000089700000, 0x0000000089800000, 0x0000000089800000|100%| E|CS|TAMS 0x0000000089700000, 0x0000000089700000| Complete 
| 124|0x0000000089800000, 0x0000000089900000, 0x0000000089900000|100%| E|CS|TAMS 0x0000000089800000, 0x0000000089800000| Complete 
| 125|0x0000000089900000, 0x0000000089a00000, 0x0000000089a00000|100%| E|CS|TAMS 0x0000000089900000, 0x0000000089900000| Complete 
| 126|0x0000000089a00000, 0x0000000089b00000, 0x0000000089b00000|100%| E|CS|TAMS 0x0000000089a00000, 0x0000000089a00000| Complete 
| 127|0x0000000089b00000, 0x0000000089c00000, 0x0000000089c00000|100%| E|CS|TAMS 0x0000000089b00000, 0x0000000089b00000| Complete 

Card table byte_map: [0x00000214e8ca0000,0x00000214e90a0000] _byte_map_base: 0x00000214e8892000

Marking Bits (Prev, Next): (CMBitMap*) 0x00000214d62448f0, (CMBitMap*) 0x00000214d6244930
 Prev Bits: [0x00000214e94a0000, 0x00000214eb430000)
 Next Bits: [0x00000214eb430000, 0x00000214ed3c0000)

Polling page: 0x00000214d40a0000

Metaspace:

Usage:
  Non-class:     14.27 MB used.
      Class:      1.69 MB used.
       Both:     15.95 MB used.

Virtual space:
  Non-class space:       16.00 MB reserved,      14.31 MB ( 89%) committed,  2 nodes.
      Class space:        1.00 GB reserved,       1.81 MB ( <1%) committed,  1 nodes.
             Both:        1.02 GB reserved,      16.12 MB (  2%) committed. 

Chunk freelists:
   Non-Class:  1.50 MB
       Class:  2.04 MB
        Both:  3.54 MB

MaxMetaspaceSize: unlimited
CompressedClassSpaceSize: 1.00 GB
Initial GC threshold: 21.00 MB
Current GC threshold: 21.00 MB
CDS: off
MetaspaceReclaimPolicy: balanced
 - commit_granule_bytes: 65536.
 - commit_granule_words: 8192.
 - virtual_space_node_default_size: 1048576.
 - enlarge_chunks_in_place: 1.
 - new_chunks_are_fully_committed: 0.
 - uncommit_free_chunks: 1.
 - use_allocation_guard: 0.
 - handle_deallocations: 1.


Internal statistics:

num_allocs_failed_limit: 0.
num_arena_births: 110.
num_arena_deaths: 0.
num_vsnodes_births: 3.
num_vsnodes_deaths: 0.
num_space_committed: 258.
num_space_uncommitted: 0.
num_chunks_returned_to_freelist: 0.
num_chunks_taken_from_freelist: 397.
num_chunk_merges: 0.
num_chunk_splits: 222.
num_chunks_enlarged: 150.
num_purges: 0.
num_inconsistent_stats: 0.

CodeHeap 'non-profiled nmethods': size=120000Kb used=574Kb max_used=574Kb free=119425Kb
 bounds [0x00000214e1370000, 0x00000214e15e0000, 0x00000214e88a0000]
CodeHeap 'profiled nmethods': size=120000Kb used=3250Kb max_used=3250Kb free=116749Kb
 bounds [0x00000214d9e40000, 0x00000214da170000, 0x00000214e1370000]
CodeHeap 'non-nmethods': size=5760Kb used=1151Kb max_used=1187Kb free=4609Kb
 bounds [0x00000214d98a0000, 0x00000214d9b10000, 0x00000214d9e40000]
 total_blobs=2037 nmethods=1598 adapters=352
 compilation: enabled
              stopped_count=0, restarted_count=0
 full_count=0

Compilation events (20 events):
Event: 3.184 Thread 0x00000214f04651a0 nmethod 1585 0x00000214da167090 code [0x00000214da167240, 0x00000214da1674e8]
Event: 3.184 Thread 0x00000214f04651a0 1586   !   3       jdk.proxy2.$Proxy16::annotationType (29 bytes)
Event: 3.184 Thread 0x00000214f04651a0 nmethod 1586 0x00000214da167610 code [0x00000214da1677e0, 0x00000214da167bb8]
Event: 3.185 Thread 0x00000214f04651a0 1587       3       java.lang.Module::isStaticallyExportedOrOpen (70 bytes)
Event: 3.185 Thread 0x00000214f04651a0 nmethod 1587 0x00000214da167d90 code [0x00000214da167fa0, 0x00000214da168658]
Event: 3.185 Thread 0x00000214f04651a0 1588       3       jdk.internal.org.objectweb.asm.SymbolTable::addConstantUtf8Reference (101 bytes)
Event: 3.186 Thread 0x00000214f04651a0 nmethod 1588 0x00000214da168810 code [0x00000214da168a20, 0x00000214da168ff8]
Event: 3.190 Thread 0x00000214f08e7d80 1589       4       java.lang.String::indexOf (18 bytes)
Event: 3.193 Thread 0x00000214f08e7d80 nmethod 1589 0x00000214e13fe410 code [0x00000214e13fe5a0, 0x00000214e13fe918]
Event: 3.193 Thread 0x00000214f08e7d80 1590       4       java.lang.String::indexOf (113 bytes)
Event: 3.195 Thread 0x00000214f08e7d80 nmethod 1590 0x00000214e13feb10 code [0x00000214e13feca0, 0x00000214e13fefd8]
Event: 3.195 Thread 0x00000214f08e7d80 1591       4       jdk.internal.loader.URLClassPath::getResource (74 bytes)
Event: 3.197 Thread 0x00000214f04651a0 1593       3       java.util.concurrent.locks.ReentrantLock::lock (8 bytes)
Event: 3.197 Thread 0x00000214f04651a0 nmethod 1593 0x00000214da169310 code [0x00000214da1694c0, 0x00000214da169778]
Event: 3.197 Thread 0x00000214f04651a0 1594       3       java.util.concurrent.locks.ReentrantLock$NonfairSync::initialTryLock (58 bytes)
Event: 3.198 Thread 0x00000214f04651a0 nmethod 1594 0x00000214da169890 code [0x00000214da169a60, 0x00000214da169e78]
Event: 3.198 Thread 0x00000214f04651a0 1595       3       java.util.concurrent.locks.ReentrantLock::unlock (10 bytes)
Event: 3.199 Thread 0x00000214f04651a0 nmethod 1595 0x00000214da169f90 code [0x00000214da16a160, 0x00000214da16a438]
Event: 3.199 Thread 0x00000214f04651a0 1596       3       java.util.concurrent.locks.AbstractQueuedSynchronizer::release (19 bytes)
Event: 3.199 Thread 0x00000214f04651a0 nmethod 1596 0x00000214da16a590 code [0x00000214da16a780, 0x00000214da16abc8]

GC Heap History (4 events):
Event: 1.791 GC heap before
{Heap before GC invocations=0 (full 0):
 garbage-first heap   total 131072K, used 13312K [0x0000000081c00000, 0x0000000100000000)
  region size 1024K, 13 young (13312K), 0 survivors (0K)
 Metaspace       used 8970K, committed 9088K, reserved 1064960K
  class space    used 825K, committed 896K, reserved 1048576K
}
Event: 1.800 GC heap after
{Heap after GC invocations=1 (full 0):
 garbage-first heap   total 131072K, used 6506K [0x0000000081c00000, 0x0000000100000000)
  region size 1024K, 2 young (2048K), 2 survivors (2048K)
 Metaspace       used 8970K, committed 9088K, reserved 1064960K
  class space    used 825K, committed 896K, reserved 1048576K
}
Event: 2.436 GC heap before
{Heap before GC invocations=1 (full 0):
 garbage-first heap   total 131072K, used 18794K [0x0000000081c00000, 0x0000000100000000)
  region size 1024K, 14 young (14336K), 2 survivors (2048K)
 Metaspace       used 12804K, committed 12992K, reserved 1064960K
  class space    used 1340K, committed 1472K, reserved 1048576K
}
Event: 2.440 GC heap after
{Heap after GC invocations=2 (full 0):
 garbage-first heap   total 131072K, used 7307K [0x0000000081c00000, 0x0000000100000000)
  region size 1024K, 1 young (1024K), 1 survivors (1024K)
 Metaspace       used 12804K, committed 12992K, reserved 1064960K
  class space    used 1340K, committed 1472K, reserved 1048576K
}

Deoptimization events (20 events):
Event: 2.952 Thread 0x00000214d62055b0 DEOPT PACKING pc=0x00000214e13dbe2c sp=0x000000c1a33fc3b0
Event: 2.952 Thread 0x00000214d62055b0 DEOPT UNPACKING pc=0x00000214d98f23a3 sp=0x000000c1a33fc2d0 mode 2
Event: 2.952 Thread 0x00000214d62055b0 Uncommon trap: trap_request=0xffffff45 fr.pc=0x00000214e1392798 relative=0x0000000000000278
Event: 2.952 Thread 0x00000214d62055b0 Uncommon trap: reason=unstable_if action=reinterpret pc=0x00000214e1392798 method=java.util.zip.ZipCoder.hash(Ljava/lang/String;)I @ 23 c2
Event: 2.952 Thread 0x00000214d62055b0 DEOPT PACKING pc=0x00000214e1392798 sp=0x000000c1a33fc330
Event: 2.952 Thread 0x00000214d62055b0 DEOPT UNPACKING pc=0x00000214d98f23a3 sp=0x000000c1a33fc2c8 mode 2
Event: 3.050 Thread 0x00000214d62055b0 Uncommon trap: trap_request=0xffffff45 fr.pc=0x00000214e13be9ac relative=0x0000000000000f4c
Event: 3.050 Thread 0x00000214d62055b0 Uncommon trap: reason=unstable_if action=reinterpret pc=0x00000214e13be9ac method=jdk.internal.org.objectweb.asm.SymbolTable.put(Ljdk/internal/org/objectweb/asm/SymbolTable$Entry;)Ljdk/internal/org/objectweb/asm/SymbolTable$Entry; @ 13 c2
Event: 3.050 Thread 0x00000214d62055b0 DEOPT PACKING pc=0x00000214e13be9ac sp=0x000000c1a33fb160
Event: 3.050 Thread 0x00000214d62055b0 DEOPT UNPACKING pc=0x00000214d98f23a3 sp=0x000000c1a33fb0b8 mode 2
Event: 3.073 Thread 0x00000214f040b090 Uncommon trap: trap_request=0xffffff45 fr.pc=0x00000214e13d6438 relative=0x0000000000001018
Event: 3.073 Thread 0x00000214f040b090 Uncommon trap: reason=unstable_if action=reinterpret pc=0x00000214e13d6438 method=java.util.concurrent.ConcurrentHashMap.putVal(Ljava/lang/Object;Ljava/lang/Object;Z)Ljava/lang/Object; @ 148 c2
Event: 3.073 Thread 0x00000214f040b090 DEOPT PACKING pc=0x00000214e13d6438 sp=0x000000c1a3dfe000
Event: 3.073 Thread 0x00000214f040b090 DEOPT UNPACKING pc=0x00000214d98f23a3 sp=0x000000c1a3dfdf80 mode 2
Event: 3.181 Thread 0x00000214d62055b0 Uncommon trap: trap_request=0xffffff45 fr.pc=0x00000214e13f77fc relative=0x0000000000000c1c
Event: 3.181 Thread 0x00000214d62055b0 Uncommon trap: reason=unstable_if action=reinterpret pc=0x00000214e13f77fc method=jdk.internal.org.objectweb.asm.SymbolTable.put(Ljdk/internal/org/objectweb/asm/SymbolTable$Entry;)Ljdk/internal/org/objectweb/asm/SymbolTable$Entry; @ 13 c2
Event: 3.181 Thread 0x00000214d62055b0 DEOPT PACKING pc=0x00000214e13f77fc sp=0x000000c1a33fb2c0
Event: 3.181 Thread 0x00000214d62055b0 DEOPT UNPACKING pc=0x00000214d98f23a3 sp=0x000000c1a33fb200 mode 2
Event: 3.194 Thread 0x00000214d62055b0 DEOPT PACKING pc=0x00000214d9f304f5 sp=0x000000c1a33faa40
Event: 3.195 Thread 0x00000214d62055b0 DEOPT UNPACKING pc=0x00000214d98f2b43 sp=0x000000c1a33f9ec8 mode 0

Classes unloaded (0 events):
No events

Classes redefined (0 events):
No events

Internal exceptions (20 events):
Event: 2.071 Thread 0x00000214d62055b0 Exception <a 'java/lang/NoSuchMethodError'{0x00000000897a7be0}: 'void java.lang.invoke.DirectMethodHandle$Holder.invokeSpecial(java.lang.Object, java.lang.Object, java.lang.Object, java.lang.Object, java.lang.Object)'> (0x00000000897a7be0) 
thrown [e:\jenkins\tmp\workspace\build\src\src\hotspot\share\interpreter\linkResolver.cpp, line 766]
Event: 2.079 Thread 0x00000214d62055b0 Exception <a 'java/lang/NoSuchMethodError'{0x00000000897ce4c8}: 'int java.lang.invoke.DirectMethodHandle$Holder.invokeStatic(java.lang.Object, java.lang.Object, java.lang.Object, java.lang.Object)'> (0x00000000897ce4c8) 
thrown [e:\jenkins\tmp\workspace\build\src\src\hotspot\share\interpreter\linkResolver.cpp, line 766]
Event: 2.080 Thread 0x00000214d62055b0 Exception <a 'java/lang/NoSuchMethodError'{0x00000000897d1e48}: 'java.lang.Object java.lang.invoke.Invokers$Holder.invokeExact_MT(java.lang.Object, java.lang.Object, java.lang.Object, java.lang.Object, java.lang.Object, java.lang.Object)'> (0x00000000897d1e48) 
thrown [e:\jenkins\tmp\workspace\build\src\src\hotspot\share\interpreter\linkResolver.cpp, line 766]
Event: 2.081 Thread 0x00000214d62055b0 Exception <a 'java/lang/NoSuchMethodError'{0x00000000897da298}: 'int java.lang.invoke.DirectMethodHandle$Holder.invokeInterface(java.lang.Object, java.lang.Object)'> (0x00000000897da298) 
thrown [e:\jenkins\tmp\workspace\build\src\src\hotspot\share\interpreter\linkResolver.cpp, line 766]
Event: 2.119 Thread 0x00000214d62055b0 Exception <a 'java/lang/NoSuchMethodError'{0x00000000896777c0}: 'java.lang.Object java.lang.invoke.DirectMethodHandle$Holder.newInvokeSpecial(java.lang.Object, java.lang.Object, int)'> (0x00000000896777c0) 
thrown [e:\jenkins\tmp\workspace\build\src\src\hotspot\share\interpreter\linkResolver.cpp, line 766]
Event: 2.131 Thread 0x00000214d62055b0 Exception <a 'java/lang/NoSuchMethodError'{0x00000000896bb630}: 'void java.lang.invoke.DirectMethodHandle$Holder.invokeInterface(java.lang.Object, java.lang.Object, java.lang.Object, java.lang.Object)'> (0x00000000896bb630) 
thrown [e:\jenkins\tmp\workspace\build\src\src\hotspot\share\interpreter\linkResolver.cpp, line 766]
Event: 2.131 Thread 0x00000214d62055b0 Exception <a 'java/lang/IncompatibleClassChangeError'{0x00000000896bef58}: Found class java.lang.Object, but interface was expected> (0x00000000896bef58) 
thrown [e:\jenkins\tmp\workspace\build\src\src\hotspot\share\interpreter\linkResolver.cpp, line 833]
Event: 2.135 Thread 0x00000214d62055b0 Exception <a 'java/lang/NoSuchMethodError'{0x00000000896d61d0}: 'void java.lang.invoke.DirectMethodHandle$Holder.invokeStatic(java.lang.Object, java.lang.Object, java.lang.Object, java.lang.Object)'> (0x00000000896d61d0) 
thrown [e:\jenkins\tmp\workspace\build\src\src\hotspot\share\interpreter\linkResolver.cpp, line 766]
Event: 2.162 Thread 0x00000214d62055b0 Exception <a 'java/lang/NoSuchMethodError'{0x000000008954f048}: 'int java.lang.invoke.DirectMethodHandle$Holder.invokeStatic(java.lang.Object, java.lang.Object, java.lang.Object, java.lang.Object, java.lang.Object)'> (0x000000008954f048) 
thrown [e:\jenkins\tmp\workspace\build\src\src\hotspot\share\interpreter\linkResolver.cpp, line 766]
Event: 2.183 Thread 0x00000214d62055b0 Exception <a 'java/lang/NoSuchMethodError'{0x00000000895a0278}: 'void java.lang.invoke.DirectMethodHandle$Holder.invokeStaticInit(java.lang.Object)'> (0x00000000895a0278) 
thrown [e:\jenkins\tmp\workspace\build\src\src\hotspot\share\interpreter\linkResolver.cpp, line 766]
Event: 2.235 Thread 0x00000214d62055b0 Exception <a 'java/lang/NoSuchMethodError'{0x00000000894a33c0}: 'int java.lang.invoke.DirectMethodHandle$Holder.invokeStaticInit(java.lang.Object, java.lang.Object)'> (0x00000000894a33c0) 
thrown [e:\jenkins\tmp\workspace\build\src\src\hotspot\share\interpreter\linkResolver.cpp, line 766]
Event: 2.301 Thread 0x00000214d62055b0 Exception <a 'java/lang/NoSuchMethodError'{0x0000000089206408}: 'java.lang.Object java.lang.invoke.DirectMethodHandle$Holder.newInvokeSpecial(java.lang.Object, java.lang.Object, java.lang.Object, java.lang.Object, java.lang.Object, java.lang.Object, java.lang.Object)'> (0x0000000089206408) 
thrown [e:\jenkins\tmp\workspace\build\src\src\hotspot\share\interpreter\linkResolver.cpp, line 766]
Event: 2.302 Thread 0x00000214d62055b0 Exception <a 'java/lang/NoSuchMethodError'{0x000000008920ad18}: 'java.lang.Object java.lang.invoke.Invokers$Holder.linkToTargetMethod(java.lang.Object, java.lang.Object, java.lang.Object, java.lang.Object, java.lang.Object, java.lang.Object, java.lang.Object)'> (0x000000008920ad18) 
thrown [e:\jenkins\tmp\workspace\build\src\src\hotspot\share\interpreter\linkResolver.cpp, line 766]
Event: 2.302 Thread 0x00000214d62055b0 Exception <a 'java/lang/NoSuchMethodError'{0x0000000089211430}: 'java.lang.Object java.lang.invoke.DirectMethodHandle$Holder.invokeInterface(java.lang.Object, java.lang.Object, java.lang.Object, java.lang.Object, java.lang.Object)'> (0x0000000089211430) 
thrown [e:\jenkins\tmp\workspace\build\src\src\hotspot\share\interpreter\linkResolver.cpp, line 766]
Event: 2.302 Thread 0x00000214d62055b0 Exception <a 'java/lang/IncompatibleClassChangeError'{0x0000000089214f80}: Found class java.lang.Object, but interface was expected> (0x0000000089214f80) 
thrown [e:\jenkins\tmp\workspace\build\src\src\hotspot\share\interpreter\linkResolver.cpp, line 833]
Event: 2.340 Thread 0x00000214d62055b0 Exception <a 'java/lang/NoSuchMethodError'{0x0000000089100bc0}: 'int java.lang.invoke.DirectMethodHandle$Holder.invokeStaticInit(java.lang.Object, java.lang.Object, java.lang.Object)'> (0x0000000089100bc0) 
thrown [e:\jenkins\tmp\workspace\build\src\src\hotspot\share\interpreter\linkResolver.cpp, line 766]
Event: 2.434 Thread 0x00000214d62055b0 Exception <a 'java/lang/ClassNotFoundException'{0x00000000890fa5f8}: javax/smartcardio/CardPermission> (0x00000000890fa5f8) 
thrown [e:\jenkins\tmp\workspace\build\src\src\hotspot\share\classfile\systemDictionary.cpp, line 256]
Event: 2.443 Thread 0x00000214d62055b0 Exception <a 'java/io/FileNotFoundException'{0x0000000089b0a5b8}> (0x0000000089b0a5b8) 
thrown [e:\jenkins\tmp\workspace\build\src\src\hotspot\share\prims\jni.cpp, line 516]
Event: 2.631 Thread 0x00000214d62055b0 Exception <a 'java/lang/NoSuchMethodError'{0x0000000089999018}: 'org.slf4j.impl.StaticMDCBinder org.slf4j.impl.StaticMDCBinder.getSingleton()'> (0x0000000089999018) 
thrown [e:\jenkins\tmp\workspace\build\src\src\hotspot\share\interpreter\linkResolver.cpp, line 766]
Event: 2.656 Thread 0x00000214d62055b0 Exception <a 'java/lang/IncompatibleClassChangeError'{0x0000000089810d70}: Found class java.lang.Object, but interface was expected> (0x0000000089810d70) 
thrown [e:\jenkins\tmp\workspace\build\src\src\hotspot\share\interpreter\linkResolver.cpp, line 833]

VM Operations (20 events):
Event: 1.567 Executing VM operation: HandshakeAllThreads
Event: 1.568 Executing VM operation: HandshakeAllThreads done
Event: 1.791 Executing VM operation: G1CollectForAllocation
Event: 1.800 Executing VM operation: G1CollectForAllocation done
Event: 2.307 Executing VM operation: HandshakeAllThreads
Event: 2.307 Executing VM operation: HandshakeAllThreads done
Event: 2.436 Executing VM operation: G1CollectForAllocation
Event: 2.440 Executing VM operation: G1CollectForAllocation done
Event: 2.581 Executing VM operation: HandshakeAllThreads
Event: 2.581 Executing VM operation: HandshakeAllThreads done
Event: 2.592 Executing VM operation: HandshakeAllThreads
Event: 2.592 Executing VM operation: HandshakeAllThreads done
Event: 2.654 Executing VM operation: HandshakeAllThreads
Event: 2.654 Executing VM operation: HandshakeAllThreads done
Event: 2.654 Executing VM operation: HandshakeAllThreads
Event: 2.654 Executing VM operation: HandshakeAllThreads done
Event: 2.684 Executing VM operation: HandshakeAllThreads
Event: 2.684 Executing VM operation: HandshakeAllThreads done
Event: 2.916 Executing VM operation: HandshakeAllThreads
Event: 2.916 Executing VM operation: HandshakeAllThreads done

Events (20 events):
Event: 3.070 loading class sun/util/cldr/CLDRTimeZoneNameProviderImpl
Event: 3.071 loading class sun/util/locale/provider/TimeZoneNameProviderImpl
Event: 3.071 loading class sun/util/locale/provider/TimeZoneNameProviderImpl done
Event: 3.071 loading class sun/util/cldr/CLDRTimeZoneNameProviderImpl done
Event: 3.073 loading class sun/util/locale/provider/BaseLocaleDataMetaInfo
Event: 3.073 loading class sun/util/locale/provider/BaseLocaleDataMetaInfo done
Event: 3.075 loading class sun/util/resources/cldr/TimeZoneNames
Event: 3.075 loading class sun/util/resources/TimeZoneNamesBundle
Event: 3.075 loading class sun/util/resources/OpenListResourceBundle
Event: 3.075 loading class sun/util/resources/OpenListResourceBundle done
Event: 3.075 loading class sun/util/resources/TimeZoneNamesBundle done
Event: 3.075 loading class sun/util/resources/cldr/TimeZoneNames done
Event: 3.075 loading class sun/util/resources/cldr/TimeZoneNames_en
Event: 3.076 loading class sun/util/resources/cldr/TimeZoneNames_en done
Event: 3.076 loading class sun/util/resources/cldr/TimeZoneNames_en_US
Event: 3.076 loading class sun/util/resources/cldr/TimeZoneNames_en_US done
Event: 3.078 loading class sun/util/resources/TimeZoneNames
Event: 3.079 loading class sun/util/resources/TimeZoneNames done
Event: 3.079 loading class sun/util/resources/TimeZoneNames_en
Event: 3.079 loading class sun/util/resources/TimeZoneNames_en done


Dynamic libraries:
0x00007ff682570000 - 0x00007ff68257e000 	C:\Program Files\sts-4.13.1.RELEASE\plugins\org.eclipse.justj.openjdk.hotspot.jre.full.win32.x86_64_17.0.1.v20211116-1657\jre\bin\javaw.exe
0x00007ff9afc10000 - 0x00007ff9afe05000 	C:\Windows\SYSTEM32\ntdll.dll
0x00007ff97ed20000 - 0x00007ff97ed36000 	C:\Program Files\Avast Software\Avast\aswhook.dll
0x00007ff9af0e0000 - 0x00007ff9af19e000 	C:\Windows\System32\KERNEL32.DLL
0x00007ff9ad690000 - 0x00007ff9ad958000 	C:\Windows\System32\KERNELBASE.dll
0x00007ff9ad540000 - 0x00007ff9ad640000 	C:\Windows\System32\ucrtbase.dll
0x00007ff99cb10000 - 0x00007ff99cb28000 	C:\Program Files\sts-4.13.1.RELEASE\plugins\org.eclipse.justj.openjdk.hotspot.jre.full.win32.x86_64_17.0.1.v20211116-1657\jre\bin\jli.dll
0x00007ff9ae3a0000 - 0x00007ff9ae540000 	C:\Windows\System32\USER32.dll
0x00007ff9ad960000 - 0x00007ff9ad982000 	C:\Windows\System32\win32u.dll
0x00007ff9add30000 - 0x00007ff9add5b000 	C:\Windows\System32\GDI32.dll
0x00007ff9adb50000 - 0x00007ff9adc5d000 	C:\Windows\System32\gdi32full.dll
0x00007ff9adab0000 - 0x00007ff9adb4d000 	C:\Windows\System32\msvcp_win.dll
0x00007ff99bf90000 - 0x00007ff99bfa9000 	C:\Program Files\sts-4.13.1.RELEASE\plugins\org.eclipse.justj.openjdk.hotspot.jre.full.win32.x86_64_17.0.1.v20211116-1657\jre\bin\VCRUNTIME140.dll
0x00007ff99b070000 - 0x00007ff99b30a000 	C:\Windows\WinSxS\amd64_microsoft.windows.common-controls_6595b64144ccf1df_6.0.19041.1110_none_60b5254171f9507e\COMCTL32.dll
0x00007ff9aee80000 - 0x00007ff9aef1e000 	C:\Windows\System32\msvcrt.dll
0x00007ff9af0b0000 - 0x00007ff9af0e0000 	C:\Windows\System32\IMM32.DLL
0x00007ff9a5720000 - 0x00007ff9a572c000 	C:\Program Files\sts-4.13.1.RELEASE\plugins\org.eclipse.justj.openjdk.hotspot.jre.full.win32.x86_64_17.0.1.v20211116-1657\jre\bin\vcruntime140_1.dll
0x00007ff9800e0000 - 0x00007ff980171000 	C:\Program Files\sts-4.13.1.RELEASE\plugins\org.eclipse.justj.openjdk.hotspot.jre.full.win32.x86_64_17.0.1.v20211116-1657\jre\bin\msvcp140.dll
0x00007ff9455b0000 - 0x00007ff9461f6000 	C:\Program Files\sts-4.13.1.RELEASE\plugins\org.eclipse.justj.openjdk.hotspot.jre.full.win32.x86_64_17.0.1.v20211116-1657\jre\bin\server\jvm.dll
0x00007ff9ae6b0000 - 0x00007ff9ae75e000 	C:\Windows\System32\ADVAPI32.dll
0x00007ff9afad0000 - 0x00007ff9afb6c000 	C:\Windows\System32\sechost.dll
0x00007ff9ae890000 - 0x00007ff9ae9b5000 	C:\Windows\System32\RPCRT4.dll
0x00007ff9add60000 - 0x00007ff9add68000 	C:\Windows\System32\PSAPI.DLL
0x00007ff998190000 - 0x00007ff998199000 	C:\Windows\SYSTEM32\WSOCK32.dll
0x00007ff9aee10000 - 0x00007ff9aee7b000 	C:\Windows\System32\WS2_32.dll
0x00007ff998f00000 - 0x00007ff998f27000 	C:\Windows\SYSTEM32\WINMM.dll
0x00007ff9a47e0000 - 0x00007ff9a47ea000 	C:\Windows\SYSTEM32\VERSION.dll
0x00007ff9abbf0000 - 0x00007ff9abc02000 	C:\Windows\SYSTEM32\kernel.appcore.dll
0x00007ff997b80000 - 0x00007ff997b8a000 	C:\Program Files\sts-4.13.1.RELEASE\plugins\org.eclipse.justj.openjdk.hotspot.jre.full.win32.x86_64_17.0.1.v20211116-1657\jre\bin\jimage.dll
0x00007ff9ab100000 - 0x00007ff9ab2e4000 	C:\Windows\SYSTEM32\DBGHELP.DLL
0x00007ff99e420000 - 0x00007ff99e44c000 	C:\Windows\SYSTEM32\dbgcore.DLL
0x00007ff9ad320000 - 0x00007ff9ad3a2000 	C:\Windows\System32\bcryptPrimitives.dll
0x00007ff9802c0000 - 0x00007ff9802e5000 	C:\Program Files\sts-4.13.1.RELEASE\plugins\org.eclipse.justj.openjdk.hotspot.jre.full.win32.x86_64_17.0.1.v20211116-1657\jre\bin\java.dll
0x00007ff993db0000 - 0x00007ff993dc8000 	C:\Program Files\sts-4.13.1.RELEASE\plugins\org.eclipse.justj.openjdk.hotspot.jre.full.win32.x86_64_17.0.1.v20211116-1657\jre\bin\zip.dll
0x00007ff9af380000 - 0x00007ff9afac4000 	C:\Windows\System32\SHELL32.dll
0x00007ff9ab2f0000 - 0x00007ff9aba84000 	C:\Windows\SYSTEM32\windows.storage.dll
0x00007ff9ae9c0000 - 0x00007ff9aed15000 	C:\Windows\System32\combase.dll
0x00007ff9acd00000 - 0x00007ff9acd2e000 	C:\Windows\SYSTEM32\Wldp.dll
0x00007ff9aed20000 - 0x00007ff9aedcd000 	C:\Windows\System32\SHCORE.dll
0x00007ff9afb70000 - 0x00007ff9afbc5000 	C:\Windows\System32\shlwapi.dll
0x00007ff9ad260000 - 0x00007ff9ad27f000 	C:\Windows\SYSTEM32\profapi.dll
0x00007ff983d00000 - 0x00007ff983d19000 	C:\Program Files\sts-4.13.1.RELEASE\plugins\org.eclipse.justj.openjdk.hotspot.jre.full.win32.x86_64_17.0.1.v20211116-1657\jre\bin\net.dll
0x00007ff99ab30000 - 0x00007ff99ac3c000 	C:\Windows\SYSTEM32\WINHTTP.dll
0x00007ff9aca00000 - 0x00007ff9aca6a000 	C:\Windows\system32\mswsock.dll
0x00007ff983ca0000 - 0x00007ff983cb5000 	C:\Program Files\sts-4.13.1.RELEASE\plugins\org.eclipse.justj.openjdk.hotspot.jre.full.win32.x86_64_17.0.1.v20211116-1657\jre\bin\nio.dll
0x00007ff9ac6f0000 - 0x00007ff9ac72b000 	C:\Windows\SYSTEM32\IPHLPAPI.DLL
0x00007ff9aedd0000 - 0x00007ff9aedd8000 	C:\Windows\System32\NSI.dll
0x00007ff99e500000 - 0x00007ff99e517000 	C:\Windows\SYSTEM32\dhcpcsvc6.DLL
0x00007ff99e7c0000 - 0x00007ff99e7dd000 	C:\Windows\SYSTEM32\dhcpcsvc.DLL
0x00007ff9ac730000 - 0x00007ff9ac7fb000 	C:\Windows\SYSTEM32\DNSAPI.dll
0x00007ff9970f0000 - 0x00007ff997100000 	C:\Program Files\sts-4.13.1.RELEASE\plugins\org.eclipse.justj.openjdk.hotspot.jre.full.win32.x86_64_17.0.1.v20211116-1657\jre\bin\verify.dll

dbghelp: loaded successfully - version: 4.0.5 - missing functions: none
symbol engine: initialized successfully - sym options: 0x614 - pdb path: .;C:\Program Files\sts-4.13.1.RELEASE\plugins\org.eclipse.justj.openjdk.hotspot.jre.full.win32.x86_64_17.0.1.v20211116-1657\jre\bin;C:\Windows\SYSTEM32;C:\Program Files\Avast Software\Avast;C:\Windows\WinSxS\amd64_microsoft.windows.common-controls_6595b64144ccf1df_6.0.19041.1110_none_60b5254171f9507e;C:\Program Files\sts-4.13.1.RELEASE\plugins\org.eclipse.justj.openjdk.hotspot.jre.full.win32.x86_64_17.0.1.v20211116-1657\jre\bin\server

VM Arguments:
jvm_args: -ea -Dfile.encoding=UTF-8 -XX:+ShowCodeDetailsInExceptionMessages 
java_command: org.eclipse.jdt.internal.junit.runner.RemoteTestRunner -version 3 -port 51840 -testLoaderClass org.eclipse.jdt.internal.junit5.runner.JUnit5TestLoader -loaderpluginname org.eclipse.jdt.junit5.runtime -classNames com.generation.blogpessoal.controller.UsuarioControllerTest
java_class_path (initial): C:\Users\usuario\Documents\workspace-spring-tool-suite-4-4.13.1.RELEASE\blogpessoal\target\test-classes;C:\Users\usuario\Documents\workspace-spring-tool-suite-4-4.13.1.RELEASE\blogpessoal\target\classes;C:\Users\usuario\.m2\repository\org\springframework\boot\spring-boot-starter-data-jpa\2.6.3\spring-boot-starter-data-jpa-2.6.3.jar;C:\Users\usuario\.m2\repository\org\springframework\boot\spring-boot-starter-aop\2.6.3\spring-boot-starter-aop-2.6.3.jar;C:\Users\usuario\.m2\repository\org\aspectj\aspectjweaver\1.9.7\aspectjweaver-1.9.7.jar;C:\Users\usuario\.m2\repository\org\springframework\boot\spring-boot-starter-jdbc\2.6.3\spring-boot-starter-jdbc-2.6.3.jar;C:\Users\usuario\.m2\repository\com\zaxxer\HikariCP\4.0.3\HikariCP-4.0.3.jar;C:\Users\usuario\.m2\repository\org\springframework\spring-jdbc\5.3.15\spring-jdbc-5.3.15.jar;C:\Users\usuario\.m2\repository\jakarta\transaction\jakarta.transaction-api\1.3.3\jakarta.transaction-api-1.3.3.jar;C:\Users\usuario\.m2\repository\jakarta\persistence\jakarta.persistence-api\2.2.3\jakarta.persistence-api-2.2.3.jar;C:\Users\usuario\.m2\repository\org\hibernate\hibernate-core\5.6.4.Final\hibernate-core-5.6.4.Final.jar;C:\Users\usuario\.m2\repository\org\jboss\logging\jboss-logging\3.4.3.Final\jboss-logging-3.4.3.Final.jar;C:\Users\usuario\.m2\repository\net\bytebuddy\byte-buddy\1.11.22\byte-buddy-1.11.22.jar;C:\Users\usuario\.m2\repository\antlr\antlr\2.7.7\antlr-2.7.7.jar;C:\Users\usuario\.m2\repository\org\jboss\jandex\2.4.2.Final\jandex-2.4.2.Final.jar;C:\Users\usuario\.m2\repository\com\fasterxml\classmate\1.5.1\classmate-1.5.1.jar;C:\Users\usuario\.m2\repository\org\hibernate\common\hibernate-commons-annotations\5.1.2.Final\hibernate-commons-annotations-5.1.2.Final.jar;C:\Users\usuario\.m2\repository\org\glassfish\jaxb\jaxb-runtime\2.3.5\jaxb-runtime-2.3.5.jar;C:\Users\usuario\.m2\repository\org\glassfish\jaxb\txw2\2.3.5\txw2-2.3.5.jar;C:\Users\usuario\.m2\repository\com\sun\istack\istack-commons
Launcher Type: SUN_STANDARD

[Global flags]
     intx CICompilerCount                          = 3                                         {product} {ergonomic}
     uint ConcGCThreads                            = 1                                         {product} {ergonomic}
     uint G1ConcRefinementThreads                  = 4                                         {product} {ergonomic}
   size_t G1HeapRegionSize                         = 1048576                                   {product} {ergonomic}
    uintx GCDrainStackTargetSize                   = 64                                        {product} {ergonomic}
   size_t InitialHeapSize                          = 134217728                                 {product} {ergonomic}
   size_t MarkStackSize                            = 4194304                                   {product} {ergonomic}
   size_t MaxHeapSize                              = 2118123520                                {product} {ergonomic}
   size_t MaxNewSize                               = 1270874112                                {product} {ergonomic}
   size_t MinHeapDeltaBytes                        = 1048576                                   {product} {ergonomic}
   size_t MinHeapSize                              = 8388608                                   {product} {ergonomic}
    uintx NonNMethodCodeHeapSize                   = 5832780                                {pd product} {ergonomic}
    uintx NonProfiledCodeHeapSize                  = 122912730                              {pd product} {ergonomic}
    uintx ProfiledCodeHeapSize                     = 122912730                              {pd product} {ergonomic}
    uintx ReservedCodeCacheSize                    = 251658240                              {pd product} {ergonomic}
     bool SegmentedCodeCache                       = true                                      {product} {ergonomic}
     bool ShowCodeDetailsInExceptionMessages       = true                                   {manageable} {command line}
   size_t SoftMaxHeapSize                          = 2118123520                             {manageable} {ergonomic}
     bool UseCompressedClassPointers               = true                           {product lp64_product} {ergonomic}
     bool UseCompressedOops                        = true                           {product lp64_product} {ergonomic}
     bool UseG1GC                                  = true                                      {product} {ergonomic}
     bool UseLargePagesIndividualAllocation        = false                                  {pd product} {ergonomic}

Logging:
Log output configuration:
 #0: stdout all=warning uptime,level,tags
 #1: stderr all=off uptime,level,tags

Environment Variables:
PATH=C:/Program Files/sts-4.13.1.RELEASE//plugins/org.eclipse.justj.openjdk.hotspot.jre.full.win32.x86_64_17.0.1.v20211116-1657/jre/bin/server;C:/Program Files/sts-4.13.1.RELEASE//plugins/org.eclipse.justj.openjdk.hotspot.jre.full.win32.x86_64_17.0.1.v20211116-1657/jre/bin;C:\Program Files\Common Files\Oracle\Java\javapath;C:\Program Files (x86)\Common Files\Oracle\Java\javapath;C:\Windows\system32;C:\Windows;C:\Windows\System32\Wbem;C:\Windows\System32\WindowsPowerShell\v1.0\;C:\Windows\System32\OpenSSH\;C:\Program Files (x86)\Intel\Intel(R) Management Engine Components\DAL;C:\Program Files\Intel\Intel(R) Management Engine Components\DAL;C:\ProgramData\UNIVALI\Portugol Studio;C:\Program Files\nodejs\;C:\Program Files\Git\cmd;C:\Program Files\MySQL\MySQL Shell 8.0\bin\;C:\Users\usuario\AppData\Local\Microsoft\WindowsApps;C:\Users\usuario\AppData\Roaming\npm;C:\Program Files\Java\jdk1.8.0_121\bin;;C:\Users\usuario\AppData\Local\Programs\Microsoft VS Code\bin;C:\Program Files\sts-4.13.1.RELEASE;
USERNAME=usuario
OS=Windows_NT
PROCESSOR_IDENTIFIER=Intel64 Family 6 Model 142 Stepping 9, GenuineIntel



---------------  S Y S T E M  ---------------

OS:
 Windows 10 , 64 bit Build 19041 (10.0.19041.1503)
OS uptime: 1 days 12:03 hours

CPU: total 4 (initial active 4) (2 cores per cpu, 2 threads per core) family 6 model 142 stepping 9 microcode 0xea, cx8, cmov, fxsr, ht, mmx, 3dnowpref, sse, sse2, sse3, ssse3, sse4.1, sse4.2, popcnt, lzcnt, tsc, tscinvbit, avx, avx2, aes, erms, clmul, bmi1, bmi2, adx, fma, vzeroupper, clflush, clflushopt

Memory: 4k page, system-wide physical 8073M (512M free)
TotalPageFile size 12169M (AvailPageFile size 1M)
current process WorkingSet (physical memory assigned to process): 91M, peak: 91M
current process commit charge ("private bytes"): 230M, peak: 231M

vm_info: OpenJDK 64-Bit Server VM (17.0.1+12) for windows-amd64 JRE (17.0.1+12), built on Oct 20 2021 07:42:55 by "" with MS VC++ 16.7 (VS2019)

END.
